/*C2*/SET SCHEMA PUBLIC
DELETE FROM DATABASECHANGELOGLOCK WHERE ID=1
INSERT INTO DATABASECHANGELOGLOCK VALUES(1,FALSE,NULL,NULL)
COMMIT
DELETE FROM FLW_EV_DATABASECHANGELOGLOCK WHERE ID=1
INSERT INTO FLW_EV_DATABASECHANGELOGLOCK VALUES(1,FALSE,NULL,NULL)
COMMIT
DELETE FROM ACT_DMN_DATABASECHANGELOGLOCK WHERE ID=1
INSERT INTO ACT_DMN_DATABASECHANGELOGLOCK VALUES(1,FALSE,NULL,NULL)
COMMIT
DELETE FROM ACT_GE_BYTEARRAY WHERE ID_='dae490c1-790e-11ef-a8e4-56cf3134fa02'
DELETE FROM ACT_GE_BYTEARRAY WHERE ID_='db491ef2-790e-11ef-a8e4-56cf3134fa02'
DELETE FROM ACT_RE_DEPLOYMENT WHERE ID_='dae490c0-790e-11ef-a8e4-56cf3134fa02'
DELETE FROM ACT_RU_IDENTITYLINK WHERE ID_='db4b68e4-790e-11ef-a8e4-56cf3134fa02'
DELETE FROM ACT_RE_PROCDEF WHERE ID_='pizza-process:1:db494603-790e-11ef-a8e4-56cf3134fa02'
COMMIT
INSERT INTO BUSCAL_CALENDAR VALUES('1a7f9658-c76c-faf5-74ea-8c90423a44b7','Pizza demo','pizza-demo',1,'admin','2024-09-22 21:49:28.465000',NULL,'2024-09-22 21:49:28.465000',NULL,NULL)
INSERT INTO BUSCAL_BUSINESS_DAY VALUES('a17f8d9b-237c-78c3-ab7b-c1cfd6d3e2b8','1a7f9658-c76c-faf5-74ea-8c90423a44b7','9:00:00','18:00:00',NULL,1,1,'admin','2024-09-22 21:49:28.455000',NULL,'2024-09-22 21:49:28.455000',NULL,NULL)
INSERT INTO BUSCAL_BUSINESS_DAY VALUES('067434b4-4cc3-32f0-9f0a-6aaef0040376','1a7f9658-c76c-faf5-74ea-8c90423a44b7','9:00:00','18:00:00',NULL,3,1,'admin','2024-09-22 21:49:28.462000',NULL,'2024-09-22 21:49:28.462000',NULL,NULL)
INSERT INTO BUSCAL_BUSINESS_DAY VALUES('169fd242-cff1-4db3-0673-d4ee356b9c23','1a7f9658-c76c-faf5-74ea-8c90423a44b7','9:00:00','18:00:00',NULL,7,1,'admin','2024-09-22 21:49:28.483000',NULL,'2024-09-22 21:49:28.483000',NULL,NULL)
INSERT INTO BUSCAL_BUSINESS_DAY VALUES('a590d9db-3212-df60-4ea1-6f9032b18ea8','1a7f9658-c76c-faf5-74ea-8c90423a44b7','9:00:00','18:00:00',NULL,2,1,'admin','2024-09-22 21:49:28.483000',NULL,'2024-09-22 21:49:28.483000',NULL,NULL)
INSERT INTO BUSCAL_HOLIDAY VALUES('d3f4ff0a-ff13-1227-388e-52e01cabbf95','1a7f9658-c76c-faf5-74ea-8c90423a44b7','* * * ? * FRI',TRUE,NULL,NULL,NULL,NULL,1,'admin','2024-09-22 21:49:28.483000',NULL,'2024-09-22 21:49:28.483000',NULL,NULL)
INSERT INTO BUSCAL_HOLIDAY VALUES('aa65609b-74de-8ce7-44c5-4cd9c751804a','1a7f9658-c76c-faf5-74ea-8c90423a44b7','* * * ? * SAT',TRUE,NULL,NULL,NULL,NULL,1,'admin','2024-09-22 21:49:28.430000',NULL,'2024-09-22 21:49:28.430000',NULL,NULL)
COMMIT
INSERT INTO BUSCAL_BUSINESS_DAY VALUES('f2326d3c-2661-76a7-78ed-fb037dfbf0b9','1a7f9658-c76c-faf5-74ea-8c90423a44b7','9:00:00','15:00:00',NULL,4,1,'admin','2024-09-22 21:50:33.761000',NULL,'2024-09-22 21:50:33.761000',NULL,NULL)
COMMIT
